<?xml version="1.0" encoding="UTF-8"?>
<!-- Generated by org.testng.reporters.JUnitXMLReporter -->
<testsuite ignored="0" hostname="Husna" failures="0" tests="3" name="Test2" time="13.016" errors="0" timestamp="2023-05-15T13:31:16 IST">
  <testcase classname="TestScripts.Customer" name="verify_create_customer" time="2.011"/>
  <testcase classname="TestScripts.Customer" name="verify_delete_customer" time="2.016"/>
  <testcase classname="TestScripts.Customer" name="Verify_add_project_to_customer" time="0.002"/>
</testsuite> <!-- Test2 -->
